mode: set
github.com/eron97/bff-golang.git/src/model/service/service.go:24.110,29.2 1 1
github.com/eron97/bff-golang.git/src/model/service/service.go:31.90,36.22 3 1
github.com/eron97/bff-golang.git/src/model/service/service.go:36.22,39.3 2 1
github.com/eron97/bff-golang.git/src/model/service/service.go:41.2,42.16 2 1
github.com/eron97/bff-golang.git/src/model/service/service.go:42.16,45.3 2 1
github.com/eron97/bff-golang.git/src/model/service/service.go:47.2,48.18 2 1
github.com/eron97/bff-golang.git/src/model/service/service.go:51.89,64.2 1 1
github.com/eron97/bff-golang.git/src/model/service/service.go:66.106,71.29 3 1
github.com/eron97/bff-golang.git/src/model/service/service.go:71.29,74.3 2 1
github.com/eron97/bff-golang.git/src/model/service/service.go:76.2,77.16 2 1
github.com/eron97/bff-golang.git/src/model/service/service.go:77.16,80.3 2 1
github.com/eron97/bff-golang.git/src/model/service/service.go:82.2,85.18 3 1
github.com/eron97/bff-golang.git/src/model/service/service.go:85.18,88.3 2 1
github.com/eron97/bff-golang.git/src/model/service/service.go:90.2,91.18 2 1
github.com/eron97/bff-golang.git/src/model/persistence/persistence.go:19.56,21.2 1 1
github.com/eron97/bff-golang.git/src/model/persistence/persistence.go:23.68,26.16 3 1
github.com/eron97/bff-golang.git/src/model/persistence/persistence.go:26.16,28.3 1 0
github.com/eron97/bff-golang.git/src/model/persistence/persistence.go:29.2,29.12 1 1
github.com/eron97/bff-golang.git/src/model/persistence/persistence.go:32.67,36.16 4 1
github.com/eron97/bff-golang.git/src/model/persistence/persistence.go:36.16,38.3 1 0
github.com/eron97/bff-golang.git/src/model/persistence/persistence.go:39.2,39.23 1 1
github.com/eron97/bff-golang.git/src/model/persistence/persistence.go:42.68,46.16 4 1
github.com/eron97/bff-golang.git/src/model/persistence/persistence.go:46.16,48.3 1 0
github.com/eron97/bff-golang.git/src/model/persistence/persistence.go:49.2,49.14 1 1
github.com/eron97/bff-golang.git/src/model/service/crypto/crypto.go:12.64,14.16 2 1
github.com/eron97/bff-golang.git/src/model/service/crypto/crypto.go:14.16,16.3 1 0
github.com/eron97/bff-golang.git/src/model/service/crypto/crypto.go:17.2,17.36 1 1
github.com/eron97/bff-golang.git/src/model/service/crypto/crypto.go:20.84,22.16 2 1
github.com/eron97/bff-golang.git/src/model/service/crypto/crypto.go:22.16,24.3 1 1
github.com/eron97/bff-golang.git/src/model/service/crypto/crypto.go:25.2,25.18 1 1
github.com/eron97/bff-golang.git/src/controller/controller.go:16.91,20.2 1 1
github.com/eron97/bff-golang.git/src/controller/controller.go:32.57,37.16 3 1
github.com/eron97/bff-golang.git/src/controller/controller.go:37.16,41.3 1 1
github.com/eron97/bff-golang.git/src/controller/controller.go:43.2,48.12 2 1
github.com/eron97/bff-golang.git/src/controller/controller.go:51.56,57.46 3 1
github.com/eron97/bff-golang.git/src/controller/controller.go:57.46,62.3 2 0
github.com/eron97/bff-golang.git/src/controller/controller.go:64.2,65.16 2 1
github.com/eron97/bff-golang.git/src/controller/controller.go:65.16,70.3 2 0
github.com/eron97/bff-golang.git/src/controller/controller.go:72.2,73.16 2 1
github.com/eron97/bff-golang.git/src/controller/controller.go:73.16,78.3 2 0
github.com/eron97/bff-golang.git/src/controller/controller.go:80.2,86.12 3 1
github.com/eron97/bff-golang.git/src/controller/controller.go:89.66,94.2 1 0
github.com/eron97/bff-golang.git/src/controller/controller.go:96.71,106.16 4 1
github.com/eron97/bff-golang.git/src/controller/controller.go:106.16,109.3 2 0
github.com/eron97/bff-golang.git/src/controller/controller.go:111.2,111.25 1 1
